# JRE version: OpenJDK Runtime Environment (8.0_275-b01) (build 1.8.0_275-b01)
# Java VM: OpenJDK 64-Bit Server VM (25.275-b01 mixed mode windows-amd64 compressed oops)
Heap:
 PSYoungGen      total 152576K, used 94186K [0x00000000f5580000, 0x0000000100000000, 0x0000000100000000)
  eden space 131584K, 60% used [0x00000000f5580000,0x00000000fa33cf08,0x00000000fd600000)
  from space 20992K, 69% used [0x00000000feb80000,0x00000000ff9bdc28,0x0000000100000000)
  to   space 21504K, 0% used [0x00000000fd600000,0x00000000fd600000,0x00000000feb00000)
 ParOldGen       total 189440K, used 87491K [0x00000000e0000000, 0x00000000eb900000, 0x00000000f5580000)
  object space 189440K, 46% used [0x00000000e0000000,0x00000000e5570c68,0x00000000eb900000)
 Metaspace       used 80951K, capacity 86982K, committed 87296K, reserved 1124352K
  class space    used 10991K, capacity 12205K, committed 12288K, reserved 1048576K
GC Heap History (10 events):
Event: 45.207 GC heap before
{Heap before GC invocations=17 (full 3):
 PSYoungGen      total 151552K, used 143197K [0x00000000f5580000, 0x0000000100000000, 0x0000000100000000)
  eden space 128512K, 100% used [0x00000000f5580000,0x00000000fd300000,0x00000000fd300000)
  from space 23040K, 63% used [0x00000000fd300000,0x00000000fe157448,0x00000000fe980000)
  to   space 22528K, 0% used [0x00000000fea00000,0x00000000fea00000,0x0000000100000000)
 ParOldGen       total 189440K, used 63434K [0x00000000e0000000, 0x00000000eb900000, 0x00000000f5580000)
  object space 189440K, 33% used [0x00000000e0000000,0x00000000e3df2a18,0x00000000eb900000)
 Metaspace       used 75014K, capacity 80536K, committed 80768K, reserved 1118208K
  class space    used 10423K, capacity 11566K, committed 11648K, reserved 1048576K
Event: 45.352 GC heap after
Heap after GC invocations=17 (full 3):
 PSYoungGen      total 150016K, used 10545K [0x00000000f5580000, 0x00000000ffe80000, 0x0000000100000000)
  eden space 129024K, 0% used [0x00000000f5580000,0x00000000f5580000,0x00000000fd380000)
  from space 20992K, 50% used [0x00000000fea00000,0x00000000ff44c610,0x00000000ffe80000)
  to   space 22016K, 0% used [0x00000000fd380000,0x00000000fd380000,0x00000000fe900000)
 ParOldGen       total 189440K, used 76281K [0x00000000e0000000, 0x00000000eb900000, 0x00000000f5580000)
  object space 189440K, 40% used [0x00000000e0000000,0x00000000e4a7e6f8,0x00000000eb900000)
 Metaspace       used 75014K, capacity 80536K, committed 80768K, reserved 1118208K
  class space    used 10423K, capacity 11566K, committed 11648K, reserved 1048576K
}
Event: 48.456 GC heap before
{Heap before GC invocations=18 (full 3):
 PSYoungGen      total 150016K, used 139569K [0x00000000f5580000, 0x00000000ffe80000, 0x0000000100000000)
  eden space 129024K, 100% used [0x00000000f5580000,0x00000000fd380000,0x00000000fd380000)
  from space 20992K, 50% used [0x00000000fea00000,0x00000000ff44c610,0x00000000ffe80000)
  to   space 22016K, 0% used [0x00000000fd380000,0x00000000fd380000,0x00000000fe900000)
 ParOldGen       total 189440K, used 76281K [0x00000000e0000000, 0x00000000eb900000, 0x00000000f5580000)
  object space 189440K, 40% used [0x00000000e0000000,0x00000000e4a7e6f8,0x00000000eb900000)
 Metaspace       used 78412K, capacity 84108K, committed 84224K, reserved 1122304K
  class space    used 10800K, capacity 11972K, committed 12032K, reserved 1048576K
Event: 48.511 GC heap after
Heap after GC invocations=18 (full 3):
 PSYoungGen      total 151040K, used 8416K [0x00000000f5580000, 0x0000000100000000, 0x0000000100000000)
  eden space 129024K, 0% used [0x00000000f5580000,0x00000000f5580000,0x00000000fd380000)
  from space 22016K, 38% used [0x00000000fd380000,0x00000000fdbb8378,0x00000000fe900000)
  to   space 22016K, 0% used [0x00000000fea80000,0x00000000fea80000,0x0000000100000000)
 ParOldGen       total 189440K, used 81958K [0x00000000e0000000, 0x00000000eb900000, 0x00000000f5580000)
  object space 189440K, 43% used [0x00000000e0000000,0x00000000e50098d8,0x00000000eb900000)
 Metaspace       used 78412K, capacity 84108K, committed 84224K, reserved 1122304K
  class space    used 10800K, capacity 11972K, committed 12032K, reserved 1048576K
}
Event: 52.831 GC heap before
{Heap before GC invocations=19 (full 3):
 PSYoungGen      total 151040K, used 137440K [0x00000000f5580000, 0x0000000100000000, 0x0000000100000000)
  eden space 129024K, 100% used [0x00000000f5580000,0x00000000fd380000,0x00000000fd380000)
  from space 22016K, 38% used [0x00000000fd380000,0x00000000fdbb8378,0x00000000fe900000)
  to   space 22016K, 0% used [0x00000000fea80000,0x00000000fea80000,0x0000000100000000)
 ParOldGen       total 189440K, used 81958K [0x00000000e0000000, 0x00000000eb900000, 0x00000000f5580000)
  object space 189440K, 43% used [0x00000000e0000000,0x00000000e50098d8,0x00000000eb900000)
 Metaspace       used 79358K, capacity 85090K, committed 85376K, reserved 1122304K
  class space    used 10869K, capacity 12035K, committed 12160K, reserved 1048576K
Event: 52.898 GC heap after
Heap after GC invocations=19 (full 3):
 PSYoungGen      total 150528K, used 11572K [0x00000000f5580000, 0x00000000ffe00000, 0x0000000100000000)
  eden space 130560K, 0% used [0x00000000f5580000,0x00000000f5580000,0x00000000fd500000)
  from space 19968K, 57% used [0x00000000fea80000,0x00000000ff5cd080,0x00000000ffe00000)
  to   space 20992K, 0% used [0x00000000fd500000,0x00000000fd500000,0x00000000fe980000)
 ParOldGen       total 189440K, used 83854K [0x00000000e0000000, 0x00000000eb900000, 0x00000000f5580000)
  object space 189440K, 44% used [0x00000000e0000000,0x00000000e51e38d0,0x00000000eb900000)
 Metaspace       used 79358K, capacity 85090K, committed 85376K, reserved 1122304K
  class space    used 10869K, capacity 12035K, committed 12160K, reserved 1048576K
}
Event: 55.234 GC heap before
{Heap before GC invocations=20 (full 3):
 PSYoungGen      total 150528K, used 142132K [0x00000000f5580000, 0x00000000ffe00000, 0x0000000100000000)
  eden space 130560K, 100% used [0x00000000f5580000,0x00000000fd500000,0x00000000fd500000)
  from space 19968K, 57% used [0x00000000fea80000,0x00000000ff5cd080,0x00000000ffe00000)
  to   space 20992K, 0% used [0x00000000fd500000,0x00000000fd500000,0x00000000fe980000)
 ParOldGen       total 189440K, used 83854K [0x00000000e0000000, 0x00000000eb900000, 0x00000000f5580000)
  object space 189440K, 44% used [0x00000000e0000000,0x00000000e51e38d0,0x00000000eb900000)
 Metaspace       used 79714K, capacity 85608K, committed 85888K, reserved 1122304K
  class space    used 10899K, capacity 12076K, committed 12160K, reserved 1048576K
Event: 55.266 GC heap after
Heap after GC invocations=20 (full 3):
 PSYoungGen      total 151552K, used 6833K [0x00000000f5580000, 0x0000000100000000, 0x0000000100000000)
  eden space 130560K, 0% used [0x00000000f5580000,0x00000000f5580000,0x00000000fd500000)
  from space 20992K, 32% used [0x00000000fd500000,0x00000000fdbac498,0x00000000fe980000)
  to   space 20992K, 0% used [0x00000000feb80000,0x00000000feb80000,0x0000000100000000)
 ParOldGen       total 189440K, used 85129K [0x00000000e0000000, 0x00000000eb900000, 0x00000000f5580000)
  object space 189440K, 44% used [0x00000000e0000000,0x00000000e5322718,0x00000000eb900000)
 Metaspace       used 79714K, capacity 85608K, committed 85888K, reserved 1122304K
  class space    used 10899K, capacity 12076K, committed 12160K, reserved 1048576K
}
Event: 57.282 GC heap before
{Heap before GC invocations=21 (full 3):
 PSYoungGen      total 151552K, used 137393K [0x00000000f5580000, 0x0000000100000000, 0x0000000100000000)
  eden space 130560K, 100% used [0x00000000f5580000,0x00000000fd500000,0x00000000fd500000)
  from space 20992K, 32% used [0x00000000fd500000,0x00000000fdbac498,0x00000000fe980000)
  to   space 20992K, 0% used [0x00000000feb80000,0x00000000feb80000,0x0000000100000000)
 ParOldGen       total 189440K, used 85129K [0x00000000e0000000, 0x00000000eb900000, 0x00000000f5580000)
  object space 189440K, 44% used [0x00000000e0000000,0x00000000e5322718,0x00000000eb900000)
 Metaspace       used 80524K, capacity 86472K, committed 86656K, reserved 1124352K
  class space    used 10953K, capacity 12158K, committed 12160K, reserved 1048576K
Event: 57.379 GC heap after
Heap after GC invocations=21 (full 3):
 PSYoungGen      total 152576K, used 14583K [0x00000000f5580000, 0x0000000100000000, 0x0000000100000000)
  eden space 131584K, 0% used [0x00000000f5580000,0x00000000f5580000,0x00000000fd600000)
  from space 20992K, 69% used [0x00000000feb80000,0x00000000ff9bdc28,0x0000000100000000)
  to   space 21504K, 0% used [0x00000000fd600000,0x00000000fd600000,0x00000000feb00000)
 ParOldGen       total 189440K, used 87491K [0x00000000e0000000, 0x00000000eb900000, 0x00000000f5580000)
  object space 189440K, 46% used [0x00000000e0000000,0x00000000e5570c68,0x00000000eb900000)
 Metaspace       used 80524K, capacity 86472K, committed 86656K, reserved 1124352K
  class space    used 10953K, capacity 12158K, committed 12160K, reserved 1048576K
}

