# JRE version: OpenJDK Runtime Environment (8.0_275-b01) (build 1.8.0_275-b01)
# Java VM: OpenJDK 64-Bit Server VM (25.275-b01 mixed mode windows-amd64 compressed oops)
Heap:
 PSYoungGen      total 119296K, used 28519K [0x00000000f5580000, 0x00000000ffb00000, 0x0000000100000000)
  eden space 69120K, 31% used [0x00000000f5580000,0x00000000f6a85788,0x00000000f9900000)
  from space 50176K, 13% used [0x00000000fca00000,0x00000000fd0d44a8,0x00000000ffb00000)
  to   space 50176K, 0% used [0x00000000f9900000,0x00000000f9900000,0x00000000fca00000)
 ParOldGen       total 349696K, used 214493K [0x00000000e0000000, 0x00000000f5580000, 0x00000000f5580000)
  object space 349696K, 61% used [0x00000000e0000000,0x00000000ed1775f8,0x00000000f5580000)
 Metaspace       used 103504K, capacity 110718K, committed 111424K, reserved 1144832K
  class space    used 13437K, capacity 14885K, committed 15192K, reserved 1048576K
GC Heap History (10 events):
Event: 471.176 GC heap before
{Heap before GC invocations=60 (full 6):
 PSYoungGen      total 116736K, used 69005K [0x00000000f5580000, 0x0000000100000000, 0x0000000100000000)
  eden space 58880K, 100% used [0x00000000f5580000,0x00000000f8f00000,0x00000000f8f00000)
  from space 57856K, 17% used [0x00000000f8f00000,0x00000000f98e37f0,0x00000000fc780000)
  to   space 57856K, 0% used [0x00000000fc780000,0x00000000fc780000,0x0000000100000000)
 ParOldGen       total 349696K, used 177308K [0x00000000e0000000, 0x00000000f5580000, 0x00000000f5580000)
  object space 349696K, 50% used [0x00000000e0000000,0x00000000ead27120,0x00000000f5580000)
 Metaspace       used 103191K, capacity 110222K, committed 110912K, reserved 1144832K
  class space    used 13402K, capacity 14847K, committed 15192K, reserved 1048576K
Event: 471.232 GC heap after
Heap after GC invocations=60 (full 6):
 PSYoungGen      total 115712K, used 11648K [0x00000000f5580000, 0x00000000fff00000, 0x0000000100000000)
  eden space 58880K, 0% used [0x00000000f5580000,0x00000000f5580000,0x00000000f8f00000)
  from space 56832K, 20% used [0x00000000fc780000,0x00000000fd2e0000,0x00000000fff00000)
  to   space 57344K, 0% used [0x00000000f8f00000,0x00000000f8f00000,0x00000000fc700000)
 ParOldGen       total 349696K, used 186576K [0x00000000e0000000, 0x00000000f5580000, 0x00000000f5580000)
  object space 349696K, 53% used [0x00000000e0000000,0x00000000eb634258,0x00000000f5580000)
 Metaspace       used 103191K, capacity 110222K, committed 110912K, reserved 1144832K
  class space    used 13402K, capacity 14847K, committed 15192K, reserved 1048576K
}
Event: 471.875 GC heap before
{Heap before GC invocations=61 (full 6):
 PSYoungGen      total 115712K, used 70528K [0x00000000f5580000, 0x00000000fff00000, 0x0000000100000000)
  eden space 58880K, 100% used [0x00000000f5580000,0x00000000f8f00000,0x00000000f8f00000)
  from space 56832K, 20% used [0x00000000fc780000,0x00000000fd2e0000,0x00000000fff00000)
  to   space 57344K, 0% used [0x00000000f8f00000,0x00000000f8f00000,0x00000000fc700000)
 ParOldGen       total 349696K, used 186576K [0x00000000e0000000, 0x00000000f5580000, 0x00000000f5580000)
  object space 349696K, 53% used [0x00000000e0000000,0x00000000eb634258,0x00000000f5580000)
 Metaspace       used 103289K, capacity 110464K, committed 111168K, reserved 1144832K
  class space    used 13418K, capacity 14876K, committed 15192K, reserved 1048576K
Event: 471.940 GC heap after
Heap after GC invocations=61 (full 6):
 PSYoungGen      total 82432K, used 23472K [0x00000000f5580000, 0x00000000ffa80000, 0x0000000100000000)
  eden space 58880K, 0% used [0x00000000f5580000,0x00000000f5580000,0x00000000f8f00000)
  from space 23552K, 99% used [0x00000000f8f00000,0x00000000fa5ec020,0x00000000fa600000)
  to   space 54272K, 0% used [0x00000000fc580000,0x00000000fc580000,0x00000000ffa80000)
 ParOldGen       total 349696K, used 186584K [0x00000000e0000000, 0x00000000f5580000, 0x00000000f5580000)
  object space 349696K, 53% used [0x00000000e0000000,0x00000000eb636258,0x00000000f5580000)
 Metaspace       used 103289K, capacity 110464K, committed 111168K, reserved 1144832K
  class space    used 13418K, capacity 14876K, committed 15192K, reserved 1048576K
}
Event: 473.019 GC heap before
{Heap before GC invocations=62 (full 6):
 PSYoungGen      total 82432K, used 82352K [0x00000000f5580000, 0x00000000ffa80000, 0x0000000100000000)
  eden space 58880K, 100% used [0x00000000f5580000,0x00000000f8f00000,0x00000000f8f00000)
  from space 23552K, 99% used [0x00000000f8f00000,0x00000000fa5ec020,0x00000000fa600000)
  to   space 54272K, 0% used [0x00000000fc580000,0x00000000fc580000,0x00000000ffa80000)
 ParOldGen       total 349696K, used 186584K [0x00000000e0000000, 0x00000000f5580000, 0x00000000f5580000)
  object space 349696K, 53% used [0x00000000e0000000,0x00000000eb636258,0x00000000f5580000)
 Metaspace       used 103370K, capacity 110556K, committed 111168K, reserved 1144832K
  class space    used 13424K, capacity 14880K, committed 15192K, reserved 1048576K
Event: 473.109 GC heap after
Heap after GC invocations=62 (full 6):
 PSYoungGen      total 116736K, used 15072K [0x00000000f5580000, 0x00000000ffb80000, 0x0000000100000000)
  eden space 62464K, 0% used [0x00000000f5580000,0x00000000f5580000,0x00000000f9280000)
  from space 54272K, 27% used [0x00000000fc580000,0x00000000fd438050,0x00000000ffa80000)
  to   space 52224K, 0% used [0x00000000f9280000,0x00000000f9280000,0x00000000fc580000)
 ParOldGen       total 349696K, used 197590K [0x00000000e0000000, 0x00000000f5580000, 0x00000000f5580000)
  object space 349696K, 56% used [0x00000000e0000000,0x00000000ec0f5960,0x00000000f5580000)
 Metaspace       used 103370K, capacity 110556K, committed 111168K, reserved 1144832K
  class space    used 13424K, capacity 14880K, committed 15192K, reserved 1048576K
}
Event: 473.930 GC heap before
{Heap before GC invocations=63 (full 6):
 PSYoungGen      total 116736K, used 77536K [0x00000000f5580000, 0x00000000ffb80000, 0x0000000100000000)
  eden space 62464K, 100% used [0x00000000f5580000,0x00000000f9280000,0x00000000f9280000)
  from space 54272K, 27% used [0x00000000fc580000,0x00000000fd438050,0x00000000ffa80000)
  to   space 52224K, 0% used [0x00000000f9280000,0x00000000f9280000,0x00000000fc580000)
 ParOldGen       total 349696K, used 197590K [0x00000000e0000000, 0x00000000f5580000, 0x00000000f5580000)
  object space 349696K, 56% used [0x00000000e0000000,0x00000000ec0f5960,0x00000000f5580000)
 Metaspace       used 103440K, capacity 110632K, committed 111424K, reserved 1144832K
  class space    used 13435K, capacity 14882K, committed 15192K, reserved 1048576K
Event: 474.043 GC heap after
Heap after GC invocations=63 (full 6):
 PSYoungGen      total 114688K, used 9313K [0x00000000f5580000, 0x00000000ffc00000, 0x0000000100000000)
  eden space 62464K, 0% used [0x00000000f5580000,0x00000000f5580000,0x00000000f9280000)
  from space 52224K, 17% used [0x00000000f9280000,0x00000000f9b98738,0x00000000fc580000)
  to   space 51200K, 0% used [0x00000000fca00000,0x00000000fca00000,0x00000000ffc00000)
 ParOldGen       total 349696K, used 209108K [0x00000000e0000000, 0x00000000f5580000, 0x00000000f5580000)
  object space 349696K, 59% used [0x00000000e0000000,0x00000000ecc35200,0x00000000f5580000)
 Metaspace       used 103440K, capacity 110632K, committed 111424K, reserved 1144832K
  class space    used 13435K, capacity 14882K, committed 15192K, reserved 1048576K
}
Event: 476.199 GC heap before
{Heap before GC invocations=64 (full 6):
 PSYoungGen      total 114688K, used 71777K [0x00000000f5580000, 0x00000000ffc00000, 0x0000000100000000)
  eden space 62464K, 100% used [0x00000000f5580000,0x00000000f9280000,0x00000000f9280000)
  from space 52224K, 17% used [0x00000000f9280000,0x00000000f9b98738,0x00000000fc580000)
  to   space 51200K, 0% used [0x00000000fca00000,0x00000000fca00000,0x00000000ffc00000)
 ParOldGen       total 349696K, used 209108K [0x00000000e0000000, 0x00000000f5580000, 0x00000000f5580000)
  object space 349696K, 59% used [0x00000000e0000000,0x00000000ecc35200,0x00000000f5580000)
 Metaspace       used 103486K, capacity 110714K, committed 111424K, reserved 1144832K
  class space    used 13437K, capacity 14885K, committed 15192K, reserved 1048576K
Event: 476.269 GC heap after
Heap after GC invocations=64 (full 6):
 PSYoungGen      total 119296K, used 6993K [0x00000000f5580000, 0x00000000ffb00000, 0x0000000100000000)
  eden space 69120K, 0% used [0x00000000f5580000,0x00000000f5580000,0x00000000f9900000)
  from space 50176K, 13% used [0x00000000fca00000,0x00000000fd0d44a8,0x00000000ffb00000)
  to   space 50176K, 0% used [0x00000000f9900000,0x00000000f9900000,0x00000000fca00000)
 ParOldGen       total 349696K, used 214493K [0x00000000e0000000, 0x00000000f5580000, 0x00000000f5580000)
  object space 349696K, 61% used [0x00000000e0000000,0x00000000ed1775f8,0x00000000f5580000)
 Metaspace       used 103486K, capacity 110714K, committed 111424K, reserved 1144832K
  class space    used 13437K, capacity 14885K, committed 15192K, reserved 1048576K
}

